To github.com:Xeoga/Note_Obsidian.git
   bda99fc..ee361b7  master -> master
To github.com:Xeoga/Note_Obsidian.git
   ee361b7..fa07595  master -> master
To github.com:Xeoga/Note_Obsidian.git
   fa07595..1c648a8  master -> master
To github.com:Xeoga/Note_Obsidian.git
   1c648a8..11e88d1  master -> master
To github.com:Xeoga/Note_Obsidian.git
   11e88d1..5c7e8c4  master -> master
To github.com:Xeoga/Note_Obsidian.git
   5c7e8c4..4214cbf  master -> master
To github.com:Xeoga/Note_Obsidian.git
   4214cbf..512f8f4  master -> master
To github.com:Xeoga/Note_Obsidian.git
   512f8f4..ab326af  master -> master
To github.com:Xeoga/Note_Obsidian.git
   ab326af..cde5191  master -> master
To github.com:Xeoga/Note_Obsidian.git
   cde5191..a5caf15  master -> master
To github.com:Xeoga/Note_Obsidian.git
   a5caf15..2acfee0  master -> master
To github.com:Xeoga/Note_Obsidian.git
   2acfee0..586f2ac  master -> master
To github.com:Xeoga/Note_Obsidian.git
   586f2ac..ecc81e1  master -> master
To github.com:Xeoga/Note_Obsidian.git
   ecc81e1..5632b8c  master -> master
To github.com:Xeoga/Note_Obsidian.git
   5632b8c..ebd5fad  master -> master
To github.com:Xeoga/Note_Obsidian.git
   ebd5fad..f0071f8  master -> master
To github.com:Xeoga/Note_Obsidian.git
   f0071f8..f59603c  master -> master
To github.com:Xeoga/Note_Obsidian.git
   f59603c..e40a92d  master -> master
To github.com:Xeoga/Note_Obsidian.git
   e40a92d..6142412  master -> master
To github.com:Xeoga/Note_Obsidian.git
   6142412..85bb504  master -> master
To github.com:Xeoga/Note_Obsidian.git
   85bb504..6711416  master -> master
To github.com:Xeoga/Note_Obsidian.git
   6711416..1a554aa  master -> master
To github.com:Xeoga/Note_Obsidian.git
   1a554aa..7053242  master -> master
To github.com:Xeoga/Note_Obsidian.git
   7053242..1a5fe74  master -> master
To github.com:Xeoga/Note_Obsidian.git
   1a5fe74..fddf9ce  master -> master
To github.com:Xeoga/Note_Obsidian.git
   fddf9ce..a483106  master -> master
To github.com:Xeoga/Note_Obsidian.git
   a483106..9db5218  master -> master
To github.com:Xeoga/Note_Obsidian.git
   9db5218..87a6537  master -> master
To github.com:Xeoga/Note_Obsidian.git
   87a6537..f7f80cd  master -> master
To github.com:Xeoga/Note_Obsidian.git
   f7f80cd..8142f8b  master -> master
To github.com:Xeoga/Note_Obsidian.git
   8142f8b..78ef6b4  master -> master
To github.com:Xeoga/Note_Obsidian.git
   78ef6b4..11004da  master -> master
To github.com:Xeoga/Note_Obsidian.git
   11004da..65a4845  master -> master
To github.com:Xeoga/Note_Obsidian.git
   65a4845..d49d2ff  master -> master
To github.com:Xeoga/Note_Obsidian.git
   d49d2ff..4d6b8b9  master -> master
To github.com:Xeoga/Note_Obsidian.git
   4d6b8b9..4c765a3  master -> master
To github.com:Xeoga/Note_Obsidian.git
   4c765a3..30857da  master -> master
To github.com:Xeoga/Note_Obsidian.git
   30857da..b7cdbde  master -> master
To github.com:Xeoga/Note_Obsidian.git
   b7cdbde..7ca5a7b  master -> master
To github.com:Xeoga/Note_Obsidian.git
   7ca5a7b..a1548eb  master -> master
To github.com:Xeoga/Note_Obsidian.git
   a1548eb..dcc6b90  master -> master
To github.com:Xeoga/Note_Obsidian.git
   dcc6b90..a80ccc4  master -> master
To github.com:Xeoga/Note_Obsidian.git
   a80ccc4..a4a4bbd  master -> master
To github.com:Xeoga/Note_Obsidian.git
   a4a4bbd..98087e3  master -> master
To github.com:Xeoga/Note_Obsidian.git
   98087e3..b41b6ed  master -> master
To github.com:Xeoga/Note_Obsidian.git
   b41b6ed..cb03b73  master -> master
To github.com:Xeoga/Note_Obsidian.git
   cb03b73..c5e350a  master -> master
To github.com:Xeoga/Note_Obsidian.git
   c5e350a..0ecc3ca  master -> master
To github.com:Xeoga/Note_Obsidian.git
   0ecc3ca..e364ba8  master -> master
To github.com:Xeoga/Note_Obsidian.git
   e364ba8..dd289f5  master -> master
To github.com:Xeoga/Note_Obsidian.git
   dd289f5..18e4b2d  master -> master
To github.com:Xeoga/Note_Obsidian.git
   18e4b2d..c3eb958  master -> master
To github.com:Xeoga/Note_Obsidian.git
   c3eb958..1dd9b9d  master -> master
To github.com:Xeoga/Note_Obsidian.git
   1dd9b9d..a06fa19  master -> master
To github.com:Xeoga/Note_Obsidian.git
   a06fa19..8b5a4b3  master -> master
To github.com:Xeoga/Note_Obsidian.git
   8b5a4b3..09a4d2f  master -> master
To github.com:Xeoga/Note_Obsidian.git
   09a4d2f..33f5abb  master -> master
To github.com:Xeoga/Note_Obsidian.git
   33f5abb..e7b04c0  master -> master
To github.com:Xeoga/Note_Obsidian.git
   e7b04c0..bdc6ed1  master -> master
To github.com:Xeoga/Note_Obsidian.git
   bdc6ed1..577075d  master -> master
To github.com:Xeoga/Note_Obsidian.git
   577075d..f654c99  master -> master
To github.com:Xeoga/Note_Obsidian.git
   f654c99..8fd852d  master -> master
To github.com:Xeoga/Note_Obsidian.git
   8fd852d..f21349c  master -> master
To github.com:Xeoga/Note_Obsidian.git
   f21349c..c85ebde  master -> master
To github.com:Xeoga/Note_Obsidian.git
   c85ebde..fe0075d  master -> master
To github.com:Xeoga/Note_Obsidian.git
   fe0075d..7e7649e  master -> master
To github.com:Xeoga/Note_Obsidian.git
   7e7649e..5d1814f  master -> master
To github.com:Xeoga/Note_Obsidian.git
   5d1814f..36a0b44  master -> master
To github.com:Xeoga/Note_Obsidian.git
   36a0b44..2a72c5e  master -> master
To github.com:Xeoga/Note_Obsidian.git
   2a72c5e..db4fb87  master -> master
To github.com:Xeoga/Note_Obsidian.git
   db4fb87..5e85407  master -> master
To github.com:Xeoga/Note_Obsidian.git
   5e85407..e5e7144  master -> master
To github.com:Xeoga/Note_Obsidian.git
   e5e7144..a1beb6f  master -> master
To github.com:Xeoga/Note_Obsidian.git
   a1beb6f..e707bc9  master -> master
To github.com:Xeoga/Note_Obsidian.git
   e707bc9..6fa2861  master -> master
To github.com:Xeoga/Note_Obsidian.git
   6fa2861..04a1a12  master -> master
To github.com:Xeoga/Note_Obsidian.git
   04a1a12..4bbfa68  master -> master
To github.com:Xeoga/Note_Obsidian.git
   4bbfa68..16fd0d2  master -> master
To github.com:Xeoga/Note_Obsidian.git
   16fd0d2..c9ed0be  master -> master
To github.com:Xeoga/Note_Obsidian.git
   c9ed0be..660dac4  master -> master
To github.com:Xeoga/Note_Obsidian.git
   660dac4..204463e  master -> master
To github.com:Xeoga/Note_Obsidian.git
   204463e..fe6520b  master -> master
To github.com:Xeoga/Note_Obsidian.git
   fe6520b..f4be113  master -> master
To github.com:Xeoga/Note_Obsidian.git
   f4be113..ec8d596  master -> master
To github.com:Xeoga/Note_Obsidian.git
   ec8d596..d350ffc  master -> master
To github.com:Xeoga/Note_Obsidian.git
   d350ffc..8a0e491  master -> master
To github.com:Xeoga/Note_Obsidian.git
   8a0e491..41e7773  master -> master
To github.com:Xeoga/Note_Obsidian.git
   41e7773..3e6e0e6  master -> master
To github.com:Xeoga/Note_Obsidian.git
   3e6e0e6..dfaa209  master -> master
To github.com:Xeoga/Note_Obsidian.git
   dfaa209..9ca7825  master -> master
To github.com:Xeoga/Note_Obsidian.git
   9ca7825..d64f224  master -> master
To github.com:Xeoga/Note_Obsidian.git
   d64f224..96454d9  master -> master
To github.com:Xeoga/Note_Obsidian.git
   96454d9..8028ccf  master -> master
To github.com:Xeoga/Note_Obsidian.git
   8028ccf..81200e0  master -> master
To github.com:Xeoga/Note_Obsidian.git
   81200e0..49f942e  master -> master
To github.com:Xeoga/Note_Obsidian.git
   49f942e..a0d26db  master -> master
To github.com:Xeoga/Note_Obsidian.git
   a0d26db..c2cfff8  master -> master
To github.com:Xeoga/Note_Obsidian.git
   c2cfff8..56dcf07  master -> master
To github.com:Xeoga/Note_Obsidian.git
   56dcf07..7d441b0  master -> master
To github.com:Xeoga/Note_Obsidian.git
   7d441b0..2b2a3b9  master -> master
To github.com:Xeoga/Note_Obsidian.git
   2b2a3b9..5b1aaad  master -> master
To github.com:Xeoga/Note_Obsidian.git
   5b1aaad..f57e5fb  master -> master
To github.com:Xeoga/Note_Obsidian.git
   f57e5fb..0f21651  master -> master
To github.com:Xeoga/Note_Obsidian.git
   0f21651..0d4fcc7  master -> master
To github.com:Xeoga/Note_Obsidian.git
   0d4fcc7..6f33234  master -> master
To github.com:Xeoga/Note_Obsidian.git
   6f33234..d95bec4  master -> master
To github.com:Xeoga/Note_Obsidian.git
   d95bec4..7add1b2  master -> master
To github.com:Xeoga/Note_Obsidian.git
   7add1b2..a0d9207  master -> master
To github.com:Xeoga/Note_Obsidian.git
   a0d9207..c01d6c7  master -> master
To github.com:Xeoga/Note_Obsidian.git
   c01d6c7..44738ee  master -> master
To github.com:Xeoga/Note_Obsidian.git
   44738ee..c53c874  master -> master
To github.com:Xeoga/Note_Obsidian.git
   c53c874..4556cb4  master -> master
To github.com:Xeoga/Note_Obsidian.git
   4556cb4..22a80eb  master -> master
To github.com:Xeoga/Note_Obsidian.git
   22a80eb..bd5bb87  master -> master
To github.com:Xeoga/Note_Obsidian.git
   bd5bb87..55c0ace  master -> master
To github.com:Xeoga/Note_Obsidian.git
   55c0ace..d162810  master -> master
To github.com:Xeoga/Note_Obsidian.git
   d162810..e6e48d5  master -> master
To github.com:Xeoga/Note_Obsidian.git
   e6e48d5..b22203e  master -> master
To github.com:Xeoga/Note_Obsidian.git
   b22203e..9585293  master -> master
To github.com:Xeoga/Note_Obsidian.git
   9585293..8b816a9  master -> master
To github.com:Xeoga/Note_Obsidian.git
   8b816a9..08b73fe  master -> master
To github.com:Xeoga/Note_Obsidian.git
   08b73fe..4b00b78  master -> master
To github.com:Xeoga/Note_Obsidian.git
   4b00b78..20881d4  master -> master
To github.com:Xeoga/Note_Obsidian.git
   20881d4..b929080  master -> master
To github.com:Xeoga/Note_Obsidian.git
   b929080..0e25fba  master -> master
To github.com:Xeoga/Note_Obsidian.git
   0e25fba..d1e46e8  master -> master
To github.com:Xeoga/Note_Obsidian.git
   d1e46e8..6b69c41  master -> master
To github.com:Xeoga/Note_Obsidian.git
   6b69c41..a62f1a1  master -> master
To github.com:Xeoga/Note_Obsidian.git
   a62f1a1..0b59180  master -> master
To github.com:Xeoga/Note_Obsidian.git
   0b59180..9be3e06  master -> master
To github.com:Xeoga/Note_Obsidian.git
   9be3e06..57dfa8a  master -> master
To github.com:Xeoga/Note_Obsidian.git
   57dfa8a..b4aeaa5  master -> master
To github.com:Xeoga/Note_Obsidian.git
   b4aeaa5..cea0684  master -> master
To github.com:Xeoga/Note_Obsidian.git
   cea0684..3240783  master -> master
To github.com:Xeoga/Note_Obsidian.git
   3240783..adb9e66  master -> master
To github.com:Xeoga/Note_Obsidian.git
   adb9e66..36d0c2c  master -> master
To github.com:Xeoga/Note_Obsidian.git
   36d0c2c..ead4e2b  master -> master
To github.com:Xeoga/Note_Obsidian.git
   ead4e2b..c26b1d4  master -> master
To github.com:Xeoga/Note_Obsidian.git
   c26b1d4..ca72396  master -> master
To github.com:Xeoga/Note_Obsidian.git
   ca72396..b88a397  master -> master
To github.com:Xeoga/Note_Obsidian.git
   b88a397..cd2812d  master -> master
To github.com:Xeoga/Note_Obsidian.git
   cd2812d..9c18359  master -> master
To github.com:Xeoga/Note_Obsidian.git
   9c18359..3966403  master -> master
To github.com:Xeoga/Note_Obsidian.git
   3966403..d3f1c1c  master -> master
To github.com:Xeoga/Note_Obsidian.git
   d3f1c1c..2cb6106  master -> master
To github.com:Xeoga/Note_Obsidian.git
   2cb6106..3743fa4  master -> master
To github.com:Xeoga/Note_Obsidian.git
   3743fa4..a67ab4e  master -> master
To github.com:Xeoga/Note_Obsidian.git
   a67ab4e..6509024  master -> master
To github.com:Xeoga/Note_Obsidian.git
   6509024..8fb7063  master -> master
To github.com:Xeoga/Note_Obsidian.git
   8fb7063..f4a52aa  master -> master
To github.com:Xeoga/Note_Obsidian.git
   f4a52aa..b5494eb  master -> master
To github.com:Xeoga/Note_Obsidian.git
   b5494eb..658cc0b  master -> master
To github.com:Xeoga/Note_Obsidian.git
   658cc0b..02c4578  master -> master
To github.com:Xeoga/Note_Obsidian.git
   02c4578..97880d5  master -> master
To github.com:Xeoga/Note_Obsidian.git
   97880d5..c4d9249  master -> master
To github.com:Xeoga/Note_Obsidian.git
   c4d9249..acb8322  master -> master
To github.com:Xeoga/Note_Obsidian.git
   acb8322..8248db3  master -> master
To github.com:Xeoga/Note_Obsidian.git
   8248db3..b8c4e26  master -> master
To github.com:Xeoga/Note_Obsidian.git
   b8c4e26..5da0452  master -> master
To github.com:Xeoga/Note_Obsidian.git
   5da0452..a04f6d0  master -> master
To github.com:Xeoga/Note_Obsidian.git
   a04f6d0..1d9bef6  master -> master
To github.com:Xeoga/Note_Obsidian.git
   1d9bef6..d05a091  master -> master
To github.com:Xeoga/Note_Obsidian.git
   d05a091..37e9fdc  master -> master
To github.com:Xeoga/Note_Obsidian.git
   37e9fdc..92a56a8  master -> master
To github.com:Xeoga/Note_Obsidian.git
   92a56a8..596cd0d  master -> master
To github.com:Xeoga/Note_Obsidian.git
   596cd0d..9d3e69e  master -> master
To github.com:Xeoga/Note_Obsidian.git
   9d3e69e..7640261  master -> master
To github.com:Xeoga/Note_Obsidian.git
   7640261..fd95cf4  master -> master
To github.com:Xeoga/Note_Obsidian.git
   fd95cf4..fa93f75  master -> master
To github.com:Xeoga/Note_Obsidian.git
   fa93f75..347dfb0  master -> master
To github.com:Xeoga/Note_Obsidian.git
   347dfb0..abcc3b2  master -> master
To github.com:Xeoga/Note_Obsidian.git
   abcc3b2..d8ec7a5  master -> master
To github.com:Xeoga/Note_Obsidian.git
   d8ec7a5..a890a10  master -> master
To github.com:Xeoga/Note_Obsidian.git
   a890a10..33c59db  master -> master
To github.com:Xeoga/Note_Obsidian.git
   33c59db..f087d28  master -> master
To github.com:Xeoga/Note_Obsidian.git
   f087d28..0f2e8ad  master -> master
To github.com:Xeoga/Note_Obsidian.git
   0f2e8ad..3d3ad67  master -> master
To github.com:Xeoga/Note_Obsidian.git
   3d3ad67..d55779a  master -> master
To github.com:Xeoga/Note_Obsidian.git
   d55779a..2db5ff3  master -> master
To github.com:Xeoga/Note_Obsidian.git
   2db5ff3..c58ddea  master -> master
To github.com:Xeoga/Note_Obsidian.git
   c58ddea..519da60  master -> master
To github.com:Xeoga/Note_Obsidian.git
   519da60..c6bef78  master -> master
To github.com:Xeoga/Note_Obsidian.git
   c6bef78..c7e5325  master -> master
To github.com:Xeoga/Note_Obsidian.git
   c7e5325..8f6aa21  master -> master
To github.com:Xeoga/Note_Obsidian.git
   8f6aa21..5d93af1  master -> master
To github.com:Xeoga/Note_Obsidian.git
   5d93af1..0b3f130  master -> master
To github.com:Xeoga/Note_Obsidian.git
   0b3f130..05dfe24  master -> master
To github.com:Xeoga/Note_Obsidian.git
   05dfe24..789daa5  master -> master
To github.com:Xeoga/Note_Obsidian.git
   789daa5..5e8589b  master -> master
To github.com:Xeoga/Note_Obsidian.git
   5e8589b..65f3608  master -> master
To github.com:Xeoga/Note_Obsidian.git
   65f3608..0243ed9  master -> master
To github.com:Xeoga/Note_Obsidian.git
   0243ed9..61c1440  master -> master
To github.com:Xeoga/Note_Obsidian.git
   61c1440..e299c9c  master -> master
To github.com:Xeoga/Note_Obsidian.git
   e299c9c..ae6ca64  master -> master
To github.com:Xeoga/Note_Obsidian.git
   ae6ca64..ab8ad0c  master -> master
ssh: Could not resolve hostname github.com: Temporary failure in name resolution
fatal: Could not read from remote repository.

Please make sure you have the correct access rights
and the repository exists.
ssh: Could not resolve hostname github.com: Temporary failure in name resolution
fatal: Could not read from remote repository.

Please make sure you have the correct access rights
and the repository exists.
ssh: Could not resolve hostname github.com: Temporary failure in name resolution
fatal: Could not read from remote repository.

Please make sure you have the correct access rights
and the repository exists.
ssh: Could not resolve hostname github.com: Temporary failure in name resolution
fatal: Could not read from remote repository.

Please make sure you have the correct access rights
and the repository exists.
ssh: Could not resolve hostname github.com: Temporary failure in name resolution
fatal: Could not read from remote repository.

Please make sure you have the correct access rights
and the repository exists.
ssh: Could not resolve hostname github.com: Temporary failure in name resolution
fatal: Could not read from remote repository.

Please make sure you have the correct access rights
and the repository exists.
ssh: Could not resolve hostname github.com: Temporary failure in name resolution
fatal: Could not read from remote repository.

Please make sure you have the correct access rights
and the repository exists.
ssh: Could not resolve hostname github.com: Temporary failure in name resolution
fatal: Could not read from remote repository.

Please make sure you have the correct access rights
and the repository exists.
To github.com:Xeoga/Note_Obsidian.git
   ab8ad0c..98c2724  master -> master
ssh: Could not resolve hostname github.com: Temporary failure in name resolution
fatal: Could not read from remote repository.

Please make sure you have the correct access rights
and the repository exists.
To github.com:Xeoga/Note_Obsidian.git
   98c2724..2fd883e  master -> master
To github.com:Xeoga/Note_Obsidian.git
   2fd883e..017302b  master -> master
To github.com:Xeoga/Note_Obsidian.git
   017302b..7949d64  master -> master
To github.com:Xeoga/Note_Obsidian.git
   7949d64..b07bc0b  master -> master
To github.com:Xeoga/Note_Obsidian.git
   b07bc0b..929aa0d  master -> master
To github.com:Xeoga/Note_Obsidian.git
   929aa0d..259c3de  master -> master
To github.com:Xeoga/Note_Obsidian.git
   259c3de..8b70150  master -> master
To github.com:Xeoga/Note_Obsidian.git
   8b70150..907c92e  master -> master
To github.com:Xeoga/Note_Obsidian.git
   907c92e..c62cfc1  master -> master
To github.com:Xeoga/Note_Obsidian.git
   c62cfc1..c0ecdf5  master -> master
To github.com:Xeoga/Note_Obsidian.git
   c0ecdf5..1c9e90d  master -> master
To github.com:Xeoga/Note_Obsidian.git
   1c9e90d..38abf48  master -> master
To github.com:Xeoga/Note_Obsidian.git
   38abf48..e3bc927  master -> master
To github.com:Xeoga/Note_Obsidian.git
   e3bc927..e2890df  master -> master
To github.com:Xeoga/Note_Obsidian.git
   e2890df..a1b7ad5  master -> master
To github.com:Xeoga/Note_Obsidian.git
   a1b7ad5..75b63b3  master -> master
To github.com:Xeoga/Note_Obsidian.git
   75b63b3..d1e6a6b  master -> master
To github.com:Xeoga/Note_Obsidian.git
   d1e6a6b..54506e7  master -> master
To github.com:Xeoga/Note_Obsidian.git
   54506e7..daa9b8e  master -> master
To github.com:Xeoga/Note_Obsidian.git
   daa9b8e..68ee85b  master -> master
To github.com:Xeoga/Note_Obsidian.git
   68ee85b..b45c452  master -> master
To github.com:Xeoga/Note_Obsidian.git
   b45c452..50232b6  master -> master
To github.com:Xeoga/Note_Obsidian.git
   50232b6..5ad0616  master -> master
To github.com:Xeoga/Note_Obsidian.git
   5ad0616..8942f69  master -> master
To github.com:Xeoga/Note_Obsidian.git
   8942f69..106e481  master -> master
To github.com:Xeoga/Note_Obsidian.git
   106e481..65d5ab0  master -> master
To github.com:Xeoga/Note_Obsidian.git
   65d5ab0..f0ff7ce  master -> master
To github.com:Xeoga/Note_Obsidian.git
   f0ff7ce..04a2d04  master -> master
To github.com:Xeoga/Note_Obsidian.git
   04a2d04..2ae6091  master -> master
To github.com:Xeoga/Note_Obsidian.git
   2ae6091..9827155  master -> master
To github.com:Xeoga/Note_Obsidian.git
   9827155..13eb50e  master -> master
To github.com:Xeoga/Note_Obsidian.git
   13eb50e..3436710  master -> master
To github.com:Xeoga/Note_Obsidian.git
   3436710..cbfed64  master -> master
To github.com:Xeoga/Note_Obsidian.git
   cbfed64..43bb255  master -> master
To github.com:Xeoga/Note_Obsidian.git
   43bb255..6d68a0e  master -> master
To github.com:Xeoga/Note_Obsidian.git
   6d68a0e..6d4ee8a  master -> master
To github.com:Xeoga/Note_Obsidian.git
   6d4ee8a..d790ae5  master -> master
To github.com:Xeoga/Note_Obsidian.git
   d790ae5..a3bbc5c  master -> master
To github.com:Xeoga/Note_Obsidian.git
   a3bbc5c..4266c9b  master -> master
To github.com:Xeoga/Note_Obsidian.git
   4266c9b..1e79952  master -> master
To github.com:Xeoga/Note_Obsidian.git
   1e79952..01cae0f  master -> master
To github.com:Xeoga/Note_Obsidian.git
   01cae0f..b8f0cd3  master -> master
To github.com:Xeoga/Note_Obsidian.git
   b8f0cd3..074427b  master -> master
To github.com:Xeoga/Note_Obsidian.git
   074427b..74c12c0  master -> master
To github.com:Xeoga/Note_Obsidian.git
   74c12c0..60f22ab  master -> master
To github.com:Xeoga/Note_Obsidian.git
   60f22ab..48d46a8  master -> master
To github.com:Xeoga/Note_Obsidian.git
   48d46a8..6e40111  master -> master
To github.com:Xeoga/Note_Obsidian.git
   6e40111..d32358c  master -> master
To github.com:Xeoga/Note_Obsidian.git
   d32358c..cfa8aff  master -> master
To github.com:Xeoga/Note_Obsidian.git
   cfa8aff..5ea7312  master -> master
To github.com:Xeoga/Note_Obsidian.git
   5ea7312..0cfcc29  master -> master
To github.com:Xeoga/Note_Obsidian.git
   0cfcc29..61e9b16  master -> master
To github.com:Xeoga/Note_Obsidian.git
   61e9b16..5bcaca6  master -> master
To github.com:Xeoga/Note_Obsidian.git
   5bcaca6..639ea10  master -> master
To github.com:Xeoga/Note_Obsidian.git
   639ea10..004da46  master -> master
To github.com:Xeoga/Note_Obsidian.git
   004da46..41a2cb3  master -> master
To github.com:Xeoga/Note_Obsidian.git
   41a2cb3..cb335e0  master -> master
To github.com:Xeoga/Note_Obsidian.git
   cb335e0..5b61ec5  master -> master
To github.com:Xeoga/Note_Obsidian.git
   5b61ec5..0507245  master -> master
To github.com:Xeoga/Note_Obsidian.git
   0507245..2a01e52  master -> master
ssh: Could not resolve hostname github.com: Temporary failure in name resolution
fatal: Could not read from remote repository.

Please make sure you have the correct access rights
and the repository exists.
ssh: Could not resolve hostname github.com: Temporary failure in name resolution
fatal: Could not read from remote repository.

Please make sure you have the correct access rights
and the repository exists.
ssh: Could not resolve hostname github.com: Temporary failure in name resolution
fatal: Could not read from remote repository.

Please make sure you have the correct access rights
and the repository exists.
ssh: Could not resolve hostname github.com: Temporary failure in name resolution
fatal: Could not read from remote repository.

Please make sure you have the correct access rights
and the repository exists.
ssh: Could not resolve hostname github.com: Temporary failure in name resolution
fatal: Could not read from remote repository.

Please make sure you have the correct access rights
and the repository exists.
ssh: Could not resolve hostname github.com: Temporary failure in name resolution
fatal: Could not read from remote repository.

Please make sure you have the correct access rights
and the repository exists.
ssh: Could not resolve hostname github.com: Temporary failure in name resolution
fatal: Could not read from remote repository.

Please make sure you have the correct access rights
and the repository exists.
ssh: Could not resolve hostname github.com: Temporary failure in name resolution
fatal: Could not read from remote repository.

Please make sure you have the correct access rights
and the repository exists.
ssh: Could not resolve hostname github.com: Temporary failure in name resolution
fatal: Could not read from remote repository.

Please make sure you have the correct access rights
and the repository exists.
ssh: Could not resolve hostname github.com: Temporary failure in name resolution
fatal: Could not read from remote repository.

Please make sure you have the correct access rights
and the repository exists.
To github.com:Xeoga/Note_Obsidian.git
   2a01e52..cda77db  master -> master
To github.com:Xeoga/Note_Obsidian.git
   cda77db..8a59294  master -> master
To github.com:Xeoga/Note_Obsidian.git
   8a59294..eac25c4  master -> master
To github.com:Xeoga/Note_Obsidian.git
   eac25c4..9746c91  master -> master
To github.com:Xeoga/Note_Obsidian.git
   9746c91..335fcd9  master -> master
To github.com:Xeoga/Note_Obsidian.git
   335fcd9..3092538  master -> master
ssh: Could not resolve hostname github.com: Temporary failure in name resolution
fatal: Could not read from remote repository.

Please make sure you have the correct access rights
and the repository exists.
ssh: Could not resolve hostname github.com: Temporary failure in name resolution
fatal: Could not read from remote repository.

Please make sure you have the correct access rights
and the repository exists.
To github.com:Xeoga/Note_Obsidian.git
   3092538..e7dcae3  master -> master
To github.com:Xeoga/Note_Obsidian.git
   e7dcae3..c6913f9  master -> master
To github.com:Xeoga/Note_Obsidian.git
   c6913f9..c2b78e6  master -> master
To github.com:Xeoga/Note_Obsidian.git
   c2b78e6..13cca5b  master -> master
To github.com:Xeoga/Note_Obsidian.git
   13cca5b..091acd1  master -> master
To github.com:Xeoga/Note_Obsidian.git
   091acd1..28c5c81  master -> master
To github.com:Xeoga/Note_Obsidian.git
   28c5c81..15f71c4  master -> master
To github.com:Xeoga/Note_Obsidian.git
   15f71c4..aa215ac  master -> master
To github.com:Xeoga/Note_Obsidian.git
   aa215ac..6a93fa8  master -> master
To github.com:Xeoga/Note_Obsidian.git
   6a93fa8..911e61a  master -> master
To github.com:Xeoga/Note_Obsidian.git
   911e61a..5bc33a6  master -> master
To github.com:Xeoga/Note_Obsidian.git
   5bc33a6..d804f29  master -> master
To github.com:Xeoga/Note_Obsidian.git
   d804f29..919a4a9  master -> master
To github.com:Xeoga/Note_Obsidian.git
   919a4a9..c3d1c30  master -> master
To github.com:Xeoga/Note_Obsidian.git
   c3d1c30..8818390  master -> master
To github.com:Xeoga/Note_Obsidian.git
   8818390..c5bfc78  master -> master
To github.com:Xeoga/Note_Obsidian.git
   c5bfc78..e3a15ac  master -> master
To github.com:Xeoga/Note_Obsidian.git
   e3a15ac..c55aaa6  master -> master
To github.com:Xeoga/Note_Obsidian.git
   c55aaa6..40c9d0f  master -> master
To github.com:Xeoga/Note_Obsidian.git
   40c9d0f..c40b020  master -> master
To github.com:Xeoga/Note_Obsidian.git
   c40b020..fd3bd7c  master -> master
To github.com:Xeoga/Note_Obsidian.git
   fd3bd7c..7bf6491  master -> master
To github.com:Xeoga/Note_Obsidian.git
   7bf6491..8bd3be0  master -> master
To github.com:Xeoga/Note_Obsidian.git
   8bd3be0..b3fae99  master -> master
To github.com:Xeoga/Note_Obsidian.git
   b3fae99..19064b0  master -> master
To github.com:Xeoga/Note_Obsidian.git
   19064b0..a7acf88  master -> master
To github.com:Xeoga/Note_Obsidian.git
   a7acf88..b04195e  master -> master
To github.com:Xeoga/Note_Obsidian.git
   b04195e..11d3b68  master -> master
To github.com:Xeoga/Note_Obsidian.git
   11d3b68..01286a0  master -> master
To github.com:Xeoga/Note_Obsidian.git
   01286a0..eb67c73  master -> master
To github.com:Xeoga/Note_Obsidian.git
   eb67c73..942301a  master -> master
To github.com:Xeoga/Note_Obsidian.git
   942301a..d2a6656  master -> master
To github.com:Xeoga/Note_Obsidian.git
   d2a6656..b26aaf2  master -> master
To github.com:Xeoga/Note_Obsidian.git
   b26aaf2..ed109b5  master -> master
To github.com:Xeoga/Note_Obsidian.git
   ed109b5..7b4d8ae  master -> master
To github.com:Xeoga/Note_Obsidian.git
   7b4d8ae..e752201  master -> master
To github.com:Xeoga/Note_Obsidian.git
   e752201..eb203ac  master -> master
To github.com:Xeoga/Note_Obsidian.git
   eb203ac..c5c8e11  master -> master
To github.com:Xeoga/Note_Obsidian.git
   c5c8e11..de837ff  master -> master
To github.com:Xeoga/Note_Obsidian.git
   de837ff..50037e0  master -> master
To github.com:Xeoga/Note_Obsidian.git
   50037e0..b400d75  master -> master
To github.com:Xeoga/Note_Obsidian.git
   b400d75..7cf7e0f  master -> master
To github.com:Xeoga/Note_Obsidian.git
   7cf7e0f..c74e605  master -> master
To github.com:Xeoga/Note_Obsidian.git
   c74e605..923f892  master -> master
To github.com:Xeoga/Note_Obsidian.git
   923f892..8954085  master -> master
To github.com:Xeoga/Note_Obsidian.git
   8954085..2f50135  master -> master
To github.com:Xeoga/Note_Obsidian.git
   2f50135..40bf5e5  master -> master
To github.com:Xeoga/Note_Obsidian.git
   40bf5e5..adbcf84  master -> master
To github.com:Xeoga/Note_Obsidian.git
   adbcf84..ae9ae34  master -> master
To github.com:Xeoga/Note_Obsidian.git
   ae9ae34..4c151a3  master -> master
To github.com:Xeoga/Note_Obsidian.git
   4c151a3..319b4e5  master -> master
To github.com:Xeoga/Note_Obsidian.git
   319b4e5..c227233  master -> master
To github.com:Xeoga/Note_Obsidian.git
   c227233..acd213a  master -> master
To github.com:Xeoga/Note_Obsidian.git
   acd213a..bc46596  master -> master
To github.com:Xeoga/Note_Obsidian.git
   bc46596..8e65f81  master -> master
To github.com:Xeoga/Note_Obsidian.git
   8e65f81..fed4d74  master -> master
To github.com:Xeoga/Note_Obsidian.git
   fed4d74..1ad0861  master -> master
To github.com:Xeoga/Note_Obsidian.git
   1ad0861..1543629  master -> master
To github.com:Xeoga/Note_Obsidian.git
   1543629..40107d7  master -> master
To github.com:Xeoga/Note_Obsidian.git
   40107d7..6f3c6f8  master -> master
To github.com:Xeoga/Note_Obsidian.git
   6f3c6f8..f95e405  master -> master
To github.com:Xeoga/Note_Obsidian.git
   f95e405..d9f358e  master -> master
To github.com:Xeoga/Note_Obsidian.git
   d9f358e..ba40071  master -> master
To github.com:Xeoga/Note_Obsidian.git
   ba40071..bb43e9c  master -> master
To github.com:Xeoga/Note_Obsidian.git
   bb43e9c..7d65724  master -> master
To github.com:Xeoga/Note_Obsidian.git
   7d65724..ac047a0  master -> master
To github.com:Xeoga/Note_Obsidian.git
   ac047a0..4b48e7b  master -> master
To github.com:Xeoga/Note_Obsidian.git
   4b48e7b..0ef6c0d  master -> master
To github.com:Xeoga/Note_Obsidian.git
   0ef6c0d..da2dd7b  master -> master
To github.com:Xeoga/Note_Obsidian.git
   da2dd7b..0d0a4a4  master -> master
To github.com:Xeoga/Note_Obsidian.git
   0d0a4a4..f35be57  master -> master
To github.com:Xeoga/Note_Obsidian.git
   f35be57..cbc56bb  master -> master
To github.com:Xeoga/Note_Obsidian.git
   cbc56bb..cbf7d5c  master -> master
To github.com:Xeoga/Note_Obsidian.git
   cbf7d5c..4fd9fb0  master -> master
To github.com:Xeoga/Note_Obsidian.git
   4fd9fb0..bfcd484  master -> master
To github.com:Xeoga/Note_Obsidian.git
   bfcd484..b63b14a  master -> master
To github.com:Xeoga/Note_Obsidian.git
   b63b14a..21dc2c9  master -> master
To github.com:Xeoga/Note_Obsidian.git
   21dc2c9..1dfa7d0  master -> master
To github.com:Xeoga/Note_Obsidian.git
   1dfa7d0..c1a620d  master -> master
To github.com:Xeoga/Note_Obsidian.git
   c1a620d..f865bf3  master -> master
To github.com:Xeoga/Note_Obsidian.git
   f865bf3..9b404da  master -> master
To github.com:Xeoga/Note_Obsidian.git
   9b404da..75d7a70  master -> master
To github.com:Xeoga/Note_Obsidian.git
   75d7a70..52ab6bd  master -> master
To github.com:Xeoga/Note_Obsidian.git
   52ab6bd..2330feb  master -> master
To github.com:Xeoga/Note_Obsidian.git
   2330feb..bf93080  master -> master
ssh: Could not resolve hostname github.com: Temporary failure in name resolution
fatal: Could not read from remote repository.

Please make sure you have the correct access rights
and the repository exists.
To github.com:Xeoga/Note_Obsidian.git
   bf93080..00369bb  master -> master
To github.com:Xeoga/Note_Obsidian.git
   00369bb..b72e5b3  master -> master
To github.com:Xeoga/Note_Obsidian.git
   b72e5b3..73ed1bb  master -> master
ssh: Could not resolve hostname github.com: Temporary failure in name resolution
fatal: Could not read from remote repository.

Please make sure you have the correct access rights
and the repository exists.
To github.com:Xeoga/Note_Obsidian.git
   73ed1bb..0afdcad  master -> master
To github.com:Xeoga/Note_Obsidian.git
   0afdcad..e2f4771  master -> master
To github.com:Xeoga/Note_Obsidian.git
   e2f4771..3ebe14e  master -> master
To github.com:Xeoga/Note_Obsidian.git
   3ebe14e..fa0355c  master -> master
To github.com:Xeoga/Note_Obsidian.git
   fa0355c..09b58cf  master -> master
To github.com:Xeoga/Note_Obsidian.git
   09b58cf..7b44513  master -> master
To github.com:Xeoga/Note_Obsidian.git
   7b44513..56277dd  master -> master
To github.com:Xeoga/Note_Obsidian.git
   56277dd..93c09f3  master -> master
To github.com:Xeoga/Note_Obsidian.git
   93c09f3..41c097c  master -> master
To github.com:Xeoga/Note_Obsidian.git
   41c097c..b9f768a  master -> master
To github.com:Xeoga/Note_Obsidian.git
   b9f768a..80640e0  master -> master
To github.com:Xeoga/Note_Obsidian.git
   80640e0..59ea434  master -> master
To github.com:Xeoga/Note_Obsidian.git
   59ea434..7007eec  master -> master
To github.com:Xeoga/Note_Obsidian.git
   7007eec..4cb2d20  master -> master
To github.com:Xeoga/Note_Obsidian.git
   4cb2d20..119ec4e  master -> master
To github.com:Xeoga/Note_Obsidian.git
   119ec4e..6daa6cb  master -> master
To github.com:Xeoga/Note_Obsidian.git
   6daa6cb..2c19d27  master -> master
To github.com:Xeoga/Note_Obsidian.git
   2c19d27..9df6cca  master -> master
To github.com:Xeoga/Note_Obsidian.git
   9df6cca..116382f  master -> master
To github.com:Xeoga/Note_Obsidian.git
   116382f..a2372a0  master -> master
To github.com:Xeoga/Note_Obsidian.git
   a2372a0..8e51855  master -> master
To github.com:Xeoga/Note_Obsidian.git
   8e51855..781a574  master -> master
To github.com:Xeoga/Note_Obsidian.git
   781a574..22db643  master -> master
To github.com:Xeoga/Note_Obsidian.git
   22db643..7f0bd20  master -> master
To github.com:Xeoga/Note_Obsidian.git
   7f0bd20..f5e570c  master -> master
To github.com:Xeoga/Note_Obsidian.git
   f5e570c..ca6a424  master -> master
To github.com:Xeoga/Note_Obsidian.git
   ca6a424..f5d406a  master -> master
To github.com:Xeoga/Note_Obsidian.git
   f5d406a..ea71e1b  master -> master
To github.com:Xeoga/Note_Obsidian.git
   ea71e1b..99a22c2  master -> master
To github.com:Xeoga/Note_Obsidian.git
   99a22c2..a7a0801  master -> master
To github.com:Xeoga/Note_Obsidian.git
   a7a0801..08f089c  master -> master
To github.com:Xeoga/Note_Obsidian.git
   08f089c..efba75f  master -> master
To github.com:Xeoga/Note_Obsidian.git
   efba75f..1d5bf9b  master -> master
To github.com:Xeoga/Note_Obsidian.git
   1d5bf9b..615d471  master -> master
To github.com:Xeoga/Note_Obsidian.git
   615d471..830d7ef  master -> master
To github.com:Xeoga/Note_Obsidian.git
   830d7ef..82e9063  master -> master
To github.com:Xeoga/Note_Obsidian.git
   82e9063..8a9fddd  master -> master
To github.com:Xeoga/Note_Obsidian.git
   8a9fddd..8ec617c  master -> master
To github.com:Xeoga/Note_Obsidian.git
   8ec617c..6d5621e  master -> master
To github.com:Xeoga/Note_Obsidian.git
   6d5621e..7263137  master -> master
To github.com:Xeoga/Note_Obsidian.git
   7263137..9d6d56e  master -> master
To github.com:Xeoga/Note_Obsidian.git
   9d6d56e..91a56ed  master -> master
To github.com:Xeoga/Note_Obsidian.git
   91a56ed..6480575  master -> master
To github.com:Xeoga/Note_Obsidian.git
   6480575..56b0039  master -> master
To github.com:Xeoga/Note_Obsidian.git
   56b0039..a6c5f50  master -> master
To github.com:Xeoga/Note_Obsidian.git
   a6c5f50..f5402f5  master -> master
To github.com:Xeoga/Note_Obsidian.git
   f5402f5..c7d5ea4  master -> master
To github.com:Xeoga/Note_Obsidian.git
   c7d5ea4..b471c17  master -> master
To github.com:Xeoga/Note_Obsidian.git
   b471c17..2ebab2d  master -> master
To github.com:Xeoga/Note_Obsidian.git
   2ebab2d..58e9687  master -> master
To github.com:Xeoga/Note_Obsidian.git
   58e9687..4b14272  master -> master
To github.com:Xeoga/Note_Obsidian.git
   4b14272..3312bed  master -> master
To github.com:Xeoga/Note_Obsidian.git
   3312bed..8f3b151  master -> master
To github.com:Xeoga/Note_Obsidian.git
   8f3b151..2db27d7  master -> master
To github.com:Xeoga/Note_Obsidian.git
   2db27d7..70788e4  master -> master
To github.com:Xeoga/Note_Obsidian.git
   70788e4..0f57b78  master -> master
To github.com:Xeoga/Note_Obsidian.git
   0f57b78..6cc4cd8  master -> master
To github.com:Xeoga/Note_Obsidian.git
   6cc4cd8..882870d  master -> master
To github.com:Xeoga/Note_Obsidian.git
   882870d..436c850  master -> master
To github.com:Xeoga/Note_Obsidian.git
   436c850..82dd723  master -> master
To github.com:Xeoga/Note_Obsidian.git
   82dd723..3a415d0  master -> master
To github.com:Xeoga/Note_Obsidian.git
   3a415d0..a62421e  master -> master
To github.com:Xeoga/Note_Obsidian.git
   a62421e..7376256  master -> master
To github.com:Xeoga/Note_Obsidian.git
   7376256..94c71f8  master -> master
To github.com:Xeoga/Note_Obsidian.git
   94c71f8..1c38de5  master -> master
To github.com:Xeoga/Note_Obsidian.git
   1c38de5..7730777  master -> master
To github.com:Xeoga/Note_Obsidian.git
   7730777..4ec67e0  master -> master
To github.com:Xeoga/Note_Obsidian.git
   4ec67e0..911e7ce  master -> master
To github.com:Xeoga/Note_Obsidian.git
   911e7ce..efebcdf  master -> master
To github.com:Xeoga/Note_Obsidian.git
   efebcdf..46854ce  master -> master
To github.com:Xeoga/Note_Obsidian.git
   46854ce..4ec4f9c  master -> master
To github.com:Xeoga/Note_Obsidian.git
   4ec4f9c..8aad640  master -> master
To github.com:Xeoga/Note_Obsidian.git
   8aad640..f3f1f98  master -> master
To github.com:Xeoga/Note_Obsidian.git
   f3f1f98..73586c7  master -> master
To github.com:Xeoga/Note_Obsidian.git
   73586c7..21d3bc6  master -> master
To github.com:Xeoga/Note_Obsidian.git
   21d3bc6..ec4ea8c  master -> master
To github.com:Xeoga/Note_Obsidian.git
   ec4ea8c..7af418b  master -> master
To github.com:Xeoga/Note_Obsidian.git
   7af418b..441af1f  master -> master
To github.com:Xeoga/Note_Obsidian.git
   441af1f..e24749b  master -> master
To github.com:Xeoga/Note_Obsidian.git
   e24749b..97b5172  master -> master
To github.com:Xeoga/Note_Obsidian.git
   97b5172..ae095b6  master -> master
To github.com:Xeoga/Note_Obsidian.git
   ae095b6..9ebd2b7  master -> master
To github.com:Xeoga/Note_Obsidian.git
   9ebd2b7..5a5f77c  master -> master
To github.com:Xeoga/Note_Obsidian.git
   5a5f77c..4857ac3  master -> master
To github.com:Xeoga/Note_Obsidian.git
   4857ac3..e36f987  master -> master
To github.com:Xeoga/Note_Obsidian.git
   e36f987..dac80d2  master -> master
To github.com:Xeoga/Note_Obsidian.git
   dac80d2..4912f8f  master -> master
To github.com:Xeoga/Note_Obsidian.git
   4912f8f..d6059b8  master -> master
To github.com:Xeoga/Note_Obsidian.git
   d6059b8..d8b7e4e  master -> master
To github.com:Xeoga/Note_Obsidian.git
   d8b7e4e..60cbbb0  master -> master
To github.com:Xeoga/Note_Obsidian.git
   60cbbb0..e5eed71  master -> master
To github.com:Xeoga/Note_Obsidian.git
   e5eed71..eb70328  master -> master
To github.com:Xeoga/Note_Obsidian.git
   eb70328..a3294fb  master -> master
To github.com:Xeoga/Note_Obsidian.git
   a3294fb..4b1c5d3  master -> master
To github.com:Xeoga/Note_Obsidian.git
   4b1c5d3..bc88f02  master -> master
To github.com:Xeoga/Note_Obsidian.git
   bc88f02..2a399b2  master -> master
To github.com:Xeoga/Note_Obsidian.git
   2a399b2..a6fa128  master -> master
To github.com:Xeoga/Note_Obsidian.git
   a6fa128..b43d021  master -> master
To github.com:Xeoga/Note_Obsidian.git
   b43d021..3eab3a2  master -> master
To github.com:Xeoga/Note_Obsidian.git
   3eab3a2..38de77d  master -> master
To github.com:Xeoga/Note_Obsidian.git
   38de77d..bca3f3a  master -> master
To github.com:Xeoga/Note_Obsidian.git
   bca3f3a..6969870  master -> master
To github.com:Xeoga/Note_Obsidian.git
   6969870..47eba92  master -> master
To github.com:Xeoga/Note_Obsidian.git
   47eba92..95c2043  master -> master
ssh: connect to host github.com port 22: Connection timed out
fatal: Could not read from remote repository.

Please make sure you have the correct access rights
and the repository exists.
To github.com:Xeoga/Note_Obsidian.git
   95c2043..6ee2f0e  master -> master
To github.com:Xeoga/Note_Obsidian.git
   6ee2f0e..76486de  master -> master
To github.com:Xeoga/Note_Obsidian.git
   76486de..4b6923d  master -> master
To github.com:Xeoga/Note_Obsidian.git
   4b6923d..4ff106b  master -> master
To github.com:Xeoga/Note_Obsidian.git
   4ff106b..bda44df  master -> master
To github.com:Xeoga/Note_Obsidian.git
   bda44df..c419e98  master -> master
To github.com:Xeoga/Note_Obsidian.git
   c419e98..67aa13e  master -> master
To github.com:Xeoga/Note_Obsidian.git
   67aa13e..6d182fa  master -> master
To github.com:Xeoga/Note_Obsidian.git
   6d182fa..f0eed43  master -> master
To github.com:Xeoga/Note_Obsidian.git
   f0eed43..51a9170  master -> master
To github.com:Xeoga/Note_Obsidian.git
   51a9170..5f9d45d  master -> master
To github.com:Xeoga/Note_Obsidian.git
   5f9d45d..8a78c04  master -> master
To github.com:Xeoga/Note_Obsidian.git
   8a78c04..22d6302  master -> master
To github.com:Xeoga/Note_Obsidian.git
   22d6302..ef3ddbf  master -> master
To github.com:Xeoga/Note_Obsidian.git
   ef3ddbf..005ea0b  master -> master
To github.com:Xeoga/Note_Obsidian.git
   005ea0b..cbc4d8a  master -> master
To github.com:Xeoga/Note_Obsidian.git
   cbc4d8a..ca56281  master -> master
To github.com:Xeoga/Note_Obsidian.git
   ca56281..db45adf  master -> master
To github.com:Xeoga/Note_Obsidian.git
   db45adf..5f74161  master -> master
To github.com:Xeoga/Note_Obsidian.git
   5f74161..b434279  master -> master
To github.com:Xeoga/Note_Obsidian.git
   b434279..329deff  master -> master
To github.com:Xeoga/Note_Obsidian.git
   329deff..d9a35c7  master -> master
To github.com:Xeoga/Note_Obsidian.git
   d9a35c7..286aad3  master -> master
To github.com:Xeoga/Note_Obsidian.git
   286aad3..a5e2ec2  master -> master
To github.com:Xeoga/Note_Obsidian.git
   a5e2ec2..7c58210  master -> master
To github.com:Xeoga/Note_Obsidian.git
   7c58210..8d317c5  master -> master
To github.com:Xeoga/Note_Obsidian.git
   8d317c5..8349bc4  master -> master
To github.com:Xeoga/Note_Obsidian.git
   8349bc4..991c017  master -> master
To github.com:Xeoga/Note_Obsidian.git
   991c017..ab8009b  master -> master
To github.com:Xeoga/Note_Obsidian.git
   ab8009b..c97d521  master -> master
To github.com:Xeoga/Note_Obsidian.git
   c97d521..c90add9  master -> master
To github.com:Xeoga/Note_Obsidian.git
   c90add9..b867f86  master -> master
To github.com:Xeoga/Note_Obsidian.git
   b867f86..a6ab400  master -> master
To github.com:Xeoga/Note_Obsidian.git
   a6ab400..dafd3b2  master -> master
To github.com:Xeoga/Note_Obsidian.git
   dafd3b2..8fe9d2f  master -> master
To github.com:Xeoga/Note_Obsidian.git
   8fe9d2f..4b59c94  master -> master
To github.com:Xeoga/Note_Obsidian.git
   4b59c94..5dd6547  master -> master
To github.com:Xeoga/Note_Obsidian.git
   5dd6547..029f73e  master -> master
To github.com:Xeoga/Note_Obsidian.git
   029f73e..49c2b11  master -> master
To github.com:Xeoga/Note_Obsidian.git
   49c2b11..f20dffe  master -> master
To github.com:Xeoga/Note_Obsidian.git
   f20dffe..493289b  master -> master
To github.com:Xeoga/Note_Obsidian.git
   493289b..6eb48f5  master -> master
To github.com:Xeoga/Note_Obsidian.git
   6eb48f5..7baafc6  master -> master
To github.com:Xeoga/Note_Obsidian.git
   7baafc6..a8a0e73  master -> master
To github.com:Xeoga/Note_Obsidian.git
   a8a0e73..4e3bd86  master -> master
To github.com:Xeoga/Note_Obsidian.git
   4e3bd86..0b92041  master -> master
To github.com:Xeoga/Note_Obsidian.git
   0b92041..43b43d9  master -> master
ssh: Could not resolve hostname github.com: Temporary failure in name resolution
fatal: Could not read from remote repository.

Please make sure you have the correct access rights
and the repository exists.
ssh: Could not resolve hostname github.com: Temporary failure in name resolution
fatal: Could not read from remote repository.

Please make sure you have the correct access rights
and the repository exists.
ssh: Could not resolve hostname github.com: Temporary failure in name resolution
fatal: Could not read from remote repository.

Please make sure you have the correct access rights
and the repository exists.
ssh: Could not resolve hostname github.com: Temporary failure in name resolution
fatal: Could not read from remote repository.

Please make sure you have the correct access rights
and the repository exists.
To github.com:Xeoga/Note_Obsidian.git
   43b43d9..e84018f  master -> master
ssh: Could not resolve hostname github.com: Temporary failure in name resolution
fatal: Could not read from remote repository.

Please make sure you have the correct access rights
and the repository exists.
To github.com:Xeoga/Note_Obsidian.git
   e84018f..0467c99  master -> master
To github.com:Xeoga/Note_Obsidian.git
   0467c99..b2d9fca  master -> master
To github.com:Xeoga/Note_Obsidian.git
   b2d9fca..73b6764  master -> master
To github.com:Xeoga/Note_Obsidian.git
   73b6764..a6befba  master -> master
To github.com:Xeoga/Note_Obsidian.git
   a6befba..9625a7a  master -> master
To github.com:Xeoga/Note_Obsidian.git
   9625a7a..70e22ec  master -> master
To github.com:Xeoga/Note_Obsidian.git
   70e22ec..1e27449  master -> master
To github.com:Xeoga/Note_Obsidian.git
   1e27449..ff4db58  master -> master
To github.com:Xeoga/Note_Obsidian.git
   ff4db58..75f6899  master -> master
To github.com:Xeoga/Note_Obsidian.git
   75f6899..5c5aa33  master -> master
To github.com:Xeoga/Note_Obsidian.git
   5c5aa33..e9e3490  master -> master
To github.com:Xeoga/Note_Obsidian.git
   e9e3490..00d3a69  master -> master
To github.com:Xeoga/Note_Obsidian.git
   00d3a69..223337c  master -> master
To github.com:Xeoga/Note_Obsidian.git
   223337c..dfed57b  master -> master
To github.com:Xeoga/Note_Obsidian.git
   dfed57b..571072d  master -> master
To github.com:Xeoga/Note_Obsidian.git
   571072d..9577f90  master -> master
To github.com:Xeoga/Note_Obsidian.git
   9577f90..a625891  master -> master
To github.com:Xeoga/Note_Obsidian.git
   a625891..f1324c6  master -> master
To github.com:Xeoga/Note_Obsidian.git
   f1324c6..cd3f8b2  master -> master
To github.com:Xeoga/Note_Obsidian.git
   cd3f8b2..78852e6  master -> master
To github.com:Xeoga/Note_Obsidian.git
   78852e6..076f917  master -> master
To github.com:Xeoga/Note_Obsidian.git
   076f917..bd3157d  master -> master
To github.com:Xeoga/Note_Obsidian.git
   bd3157d..4b85e2d  master -> master
To github.com:Xeoga/Note_Obsidian.git
   4b85e2d..fd625af  master -> master
To github.com:Xeoga/Note_Obsidian.git
   fd625af..1680599  master -> master
To github.com:Xeoga/Note_Obsidian.git
   1680599..26e00a1  master -> master
To github.com:Xeoga/Note_Obsidian.git
   26e00a1..71f6248  master -> master
To github.com:Xeoga/Note_Obsidian.git
   71f6248..34cec20  master -> master
To github.com:Xeoga/Note_Obsidian.git
   34cec20..71c32ff  master -> master
To github.com:Xeoga/Note_Obsidian.git
   71c32ff..84df075  master -> master
To github.com:Xeoga/Note_Obsidian.git
   84df075..39c92aa  master -> master
To github.com:Xeoga/Note_Obsidian.git
   39c92aa..84f19e2  master -> master
To github.com:Xeoga/Note_Obsidian.git
   84f19e2..1efbb4a  master -> master
To github.com:Xeoga/Note_Obsidian.git
   1efbb4a..bd09c3a  master -> master
To github.com:Xeoga/Note_Obsidian.git
   bd09c3a..470e504  master -> master
To github.com:Xeoga/Note_Obsidian.git
   470e504..6fd21b6  master -> master
To github.com:Xeoga/Note_Obsidian.git
   6fd21b6..60924ef  master -> master
To github.com:Xeoga/Note_Obsidian.git
   60924ef..a1b1b32  master -> master
To github.com:Xeoga/Note_Obsidian.git
   a1b1b32..cbfd0cc  master -> master
To github.com:Xeoga/Note_Obsidian.git
   cbfd0cc..01b9266  master -> master
To github.com:Xeoga/Note_Obsidian.git
   01b9266..d2a609a  master -> master
